Release 14.7 - xst P.20131013 (nt64)
Copyright (c) 1995-2013 Xilinx, Inc.  All rights reserved.
--> Parameter TMPDIR set to xst/projnav.tmp


Total REAL time to Xst completion: 0.00 secs
Total CPU time to Xst completion: 0.08 secs
 
--> Parameter xsthdpdir set to xst


Total REAL time to Xst completion: 0.00 secs
Total CPU time to Xst completion: 0.08 secs
 
--> Reading design: counter.prj

TABLE OF CONTENTS
  1) Synthesis Options Summary
  2) HDL Parsing
  3) HDL Elaboration
  4) HDL Synthesis
       4.1) HDL Synthesis Report
  5) Advanced HDL Synthesis
       5.1) Advanced HDL Synthesis Report
  6) Low Level Synthesis
  7) Partition Report
  8) Design Summary
       8.1) Primitive and Black Box Usage
       8.2) Device utilization summary
       8.3) Partition Resource Summary
       8.4) Timing Report
            8.4.1) Clock Information
            8.4.2) Asynchronous Control Signals Information
            8.4.3) Timing Summary
            8.4.4) Timing Details
            8.4.5) Cross Clock Domains Report


=========================================================================
*                      Synthesis Options Summary                        *
=========================================================================
---- Source Parameters
Input File Name                    : "counter.prj"
Ignore Synthesis Constraint File   : NO

---- Target Parameters
Output File Name                   : "counter"
Output Format                      : NGC
Target Device                      : xc6slx9-2-tqg144

---- Source Options
Top Module Name                    : counter
Automatic FSM Extraction           : YES
FSM Encoding Algorithm             : Auto
Safe Implementation                : No
FSM Style                          : LUT
RAM Extraction                     : Yes
RAM Style                          : Auto
ROM Extraction                     : Yes
Shift Register Extraction          : YES
ROM Style                          : Auto
Resource Sharing                   : YES
Asynchronous To Synchronous        : NO
Shift Register Minimum Size        : 2
Use DSP Block                      : Auto
Automatic Register Balancing       : No

---- Target Options
LUT Combining                      : Auto
Reduce Control Sets                : Auto
Add IO Buffers                     : YES
Global Maximum Fanout              : 100000
Add Generic Clock Buffer(BUFG)     : 16
Register Duplication               : YES
Optimize Instantiated Primitives   : NO
Use Clock Enable                   : Auto
Use Synchronous Set                : Auto
Use Synchronous Reset              : Auto
Pack IO Registers into IOBs        : Auto
Equivalent register Removal        : YES

---- General Options
Optimization Goal                  : Speed
Optimization Effort                : 1
Power Reduction                    : NO
Keep Hierarchy                     : No
Netlist Hierarchy                  : As_Optimized
RTL Output                         : Yes
Global Optimization                : AllClockNets
Read Cores                         : YES
Write Timing Constraints           : NO
Cross Clock Analysis               : NO
Hierarchy Separator                : /
Bus Delimiter                      : <>
Case Specifier                     : Maintain
Slice Utilization Ratio            : 100
BRAM Utilization Ratio             : 100
DSP48 Utilization Ratio            : 100
Auto BRAM Packing                  : NO
Slice Utilization Ratio Delta      : 5

=========================================================================


=========================================================================
*                          HDL Parsing                                  *
=========================================================================
Parsing VHDL file "D:\university\az manteghi\HW\counter\counter.vhd" into library work
Parsing entity <counter>.
Parsing architecture <Behavioral> of entity <counter>.

=========================================================================
*                            HDL Elaboration                            *
=========================================================================

Elaborating entity <counter> (architecture <Behavioral>) from library <work>.
WARNING:HDLCompiler:92 - "D:\university\az manteghi\HW\counter\counter.vhd" Line 36: in_sec should be on the sensitivity list of the process
WARNING:HDLCompiler:92 - "D:\university\az manteghi\HW\counter\counter.vhd" Line 37: in_sec should be on the sensitivity list of the process
WARNING:HDLCompiler:92 - "D:\university\az manteghi\HW\counter\counter.vhd" Line 40: in_min should be on the sensitivity list of the process
WARNING:HDLCompiler:92 - "D:\university\az manteghi\HW\counter\counter.vhd" Line 41: in_min should be on the sensitivity list of the process
WARNING:HDLCompiler:92 - "D:\university\az manteghi\HW\counter\counter.vhd" Line 44: in_hour should be on the sensitivity list of the process
WARNING:HDLCompiler:92 - "D:\university\az manteghi\HW\counter\counter.vhd" Line 45: in_hour should be on the sensitivity list of the process
WARNING:HDLCompiler:1127 - "D:\university\az manteghi\HW\counter\counter.vhd" Line 34: Assignment to counter ignored, since the identifier is never used

=========================================================================
*                           HDL Synthesis                               *
=========================================================================

Synthesizing Unit <counter>.
    Related source file is "D:\university\az manteghi\HW\counter\counter.vhd".
    Found 32-bit register for signal <out_sec>.
    Found 32-bit register for signal <out_min>.
    Found 32-bit register for signal <out_hour>.
    Found 32-bit adder for signal <out_sec_int[31]_GND_4_o_add_9_OUT> created at line 58.
    Found 32-bit adder for signal <out_min_int[31]_GND_4_o_add_11_OUT> created at line 61.
    Found 32-bit adder for signal <out_hour_int[31]_GND_4_o_add_13_OUT> created at line 64.
    Summary:
	inferred   3 Adder/Subtractor(s).
	inferred  96 D-type flip-flop(s).
	inferred   6 Multiplexer(s).
Unit <counter> synthesized.

=========================================================================
HDL Synthesis Report

Macro Statistics
# Adders/Subtractors                                   : 3
 32-bit adder                                          : 3
# Registers                                            : 3
 32-bit register                                       : 3
# Multiplexers                                         : 6
 32-bit 2-to-1 multiplexer                             : 6

=========================================================================

=========================================================================
*                       Advanced HDL Synthesis                          *
=========================================================================


Synthesizing (advanced) Unit <counter>.
The following registers are absorbed into counter <out_sec_int>: 1 register on signal <out_sec_int>.
Unit <counter> synthesized (advanced).

=========================================================================
Advanced HDL Synthesis Report

Macro Statistics
# Adders/Subtractors                                   : 2
 32-bit adder                                          : 2
# Counters                                             : 1
 32-bit up counter                                     : 1
# Registers                                            : 64
 Flip-Flops                                            : 64
# Multiplexers                                         : 5
 32-bit 2-to-1 multiplexer                             : 5

=========================================================================

=========================================================================
*                         Low Level Synthesis                           *
=========================================================================

Optimizing unit <counter> ...

Mapping all equations...
Building and optimizing final netlist ...
Found area constraint ratio of 100 (+ 5) on block counter, actual ratio is 4.

Final Macro Processing ...

=========================================================================
Final Register Report

Macro Statistics
# Registers                                            : 96
 Flip-Flops                                            : 96

=========================================================================

=========================================================================
*                           Partition Report                            *
=========================================================================

Partition Implementation Status
-------------------------------

  No Partitions were found in this design.

-------------------------------

=========================================================================
*                            Design Summary                             *
=========================================================================

Top Level Output File Name         : counter.ngc

Primitive and Black Box Usage:
------------------------------
# BELS                             : 443
#      GND                         : 1
#      INV                         : 3
#      LUT1                        : 62
#      LUT2                        : 3
#      LUT3                        : 36
#      LUT4                        : 38
#      LUT6                        : 110
#      MUXCY                       : 93
#      VCC                         : 1
#      XORCY                       : 96
# FlipFlops/Latches                : 96
#      FD                          : 65
#      FDRE                        : 31
# Clock Buffers                    : 1
#      BUFGP                       : 1
# IO Buffers                       : 195
#      IBUF                        : 98
#      OBUF                        : 97

Device utilization summary:
---------------------------

Selected Device : 6slx9tqg144-2 


Slice Logic Utilization: 
 Number of Slice Registers:              96  out of  11440     0%  
 Number of Slice LUTs:                  252  out of   5720     4%  
    Number used as Logic:               252  out of   5720     4%  

Slice Logic Distribution: 
 Number of LUT Flip Flop pairs used:    252
   Number with an unused Flip Flop:     156  out of    252    61%  
   Number with an unused LUT:             0  out of    252     0%  
   Number of fully used LUT-FF pairs:    96  out of    252    38%  
   Number of unique control sets:         2

IO Utilization: 
 Number of IOs:                         196
 Number of bonded IOBs:                 196  out of    102   192% (*) 

Specific Feature Utilization:
 Number of BUFG/BUFGCTRLs:                1  out of     16     6%  

WARNING:Xst:1336 -  (*) More than 100% of Device resources are used

---------------------------
Partition Resource Summary:
---------------------------

  No Partitions were found in this design.

---------------------------


=========================================================================
Timing Report

NOTE: THESE TIMING NUMBERS ARE ONLY A SYNTHESIS ESTIMATE.
      FOR ACCURATE TIMING INFORMATION PLEASE REFER TO THE TRACE REPORT
      GENERATED AFTER PLACE-and-ROUTE.

Clock Information:
------------------
-----------------------------------+------------------------+-------+
Clock Signal                       | Clock buffer(FF name)  | Load  |
-----------------------------------+------------------------+-------+
clk                                | BUFGP                  | 96    |
-----------------------------------+------------------------+-------+

Asynchronous Control Signals Information:
----------------------------------------
No asynchronous control signals found in this design

Timing Summary:
---------------
Speed Grade: -2

   Minimum period: 6.651ns (Maximum Frequency: 150.346MHz)
   Minimum input arrival time before clock: 8.535ns
   Maximum output required time after clock: 4.240ns
   Maximum combinational path delay: No path found

Timing Details:
---------------
All values displayed in nanoseconds (ns)

=========================================================================
Timing constraint: Default period analysis for Clock 'clk'
  Clock period: 6.651ns (frequency: 150.346MHz)
  Total number of paths / destination ports: 13969 / 158
-------------------------------------------------------------------------
Delay:               6.651ns (Levels of Logic = 3)
  Source:            out_sec_int_25 (FF)
  Destination:       out_min_int_0 (FF)
  Source Clock:      clk rising
  Destination Clock: clk rising

  Data Path: out_sec_int_25 to out_min_int_0
                                Gate     Net
    Cell:in->out      fanout   Delay   Delay  Logical Name (Net Name)
    ----------------------------------------  ------------
     FD:C->Q               4   0.525   1.259  out_sec_int_25 (out_sec_int_25)
     LUT6:I0->O            4   0.254   1.234  GND_4_o_out_sec_int[31]_equal_11_o<31>5 (GND_4_o_out_sec_int[31]_equal_11_o<31>4)
     LUT6:I1->O            7   0.254   0.910  GND_4_o_out_sec_int[31]_equal_11_o<31>7_1 (GND_4_o_out_sec_int[31]_equal_11_o<31>7)
     LUT6:I5->O           31   0.254   1.502  Reset_OR_DriverANDClockEnable641 (Reset_OR_DriverANDClockEnable)
     FDRE:R                    0.459          out_min_int_0
    ----------------------------------------
    Total                      6.651ns (1.746ns logic, 4.905ns route)
                                       (26.3% logic, 73.7% route)

=========================================================================
Timing constraint: Default OFFSET IN BEFORE for Clock 'clk'
  Total number of paths / destination ports: 5668 / 158
-------------------------------------------------------------------------
Offset:              8.535ns (Levels of Logic = 4)
  Source:            stop (PAD)
  Destination:       out_min_int_0 (FF)
  Destination Clock: clk rising

  Data Path: stop to out_min_int_0
                                Gate     Net
    Cell:in->out      fanout   Delay   Delay  Logical Name (Net Name)
    ----------------------------------------  ------------
     IBUF:I->O           106   1.328   2.682  stop_IBUF (stop_IBUF)
     LUT6:I0->O            1   0.254   0.682  Mmux_out_hour_int[31]_out_hour_int[31]_mux_28_OUT1101 (Mmux_out_hour_int[31]_out_hour_int[31]_mux_28_OUT1101)
     LUT4:I3->O            7   0.254   1.138  Mmux_out_hour_int[31]_out_hour_int[31]_mux_28_OUT1102 (Mmux_out_hour_int[31]_out_hour_int[31]_mux_28_OUT1102)
     LUT6:I3->O           31   0.235   1.502  Reset_OR_DriverANDClockEnable641 (Reset_OR_DriverANDClockEnable)
     FDRE:R                    0.459          out_min_int_0
    ----------------------------------------
    Total                      8.535ns (2.530ns logic, 6.005ns route)
                                       (29.6% logic, 70.4% route)

=========================================================================
Timing constraint: Default OFFSET OUT AFTER for Clock 'clk'
  Total number of paths / destination ports: 96 / 96
-------------------------------------------------------------------------
Offset:              4.240ns (Levels of Logic = 1)
  Source:            out_sec_int_31 (FF)
  Destination:       out_sec<31> (PAD)
  Source Clock:      clk rising

  Data Path: out_sec_int_31 to out_sec<31>
                                Gate     Net
    Cell:in->out      fanout   Delay   Delay  Logical Name (Net Name)
    ----------------------------------------  ------------
     FD:C->Q               4   0.525   0.803  out_sec_int_31 (out_sec_int_31)
     OBUF:I->O                 2.912          out_sec_31_OBUF (out_sec<31>)
    ----------------------------------------
    Total                      4.240ns (3.437ns logic, 0.803ns route)
                                       (81.1% logic, 18.9% route)

=========================================================================

Cross Clock Domains Report:
--------------------------

Clock to Setup on destination clock clk
---------------+---------+---------+---------+---------+
               | Src:Rise| Src:Fall| Src:Rise| Src:Fall|
Source Clock   |Dest:Rise|Dest:Rise|Dest:Fall|Dest:Fall|
---------------+---------+---------+---------+---------+
clk            |    6.651|         |         |         |
---------------+---------+---------+---------+---------+

=========================================================================


Total REAL time to Xst completion: 4.00 secs
Total CPU time to Xst completion: 4.22 secs
 
--> 

Total memory usage is 4502684 kilobytes

Number of errors   :    0 (   0 filtered)
Number of warnings :    8 (   0 filtered)
Number of infos    :    0 (   0 filtered)

