Release 14.7 - xst P.20131013 (nt64)
Copyright (c) 1995-2013 Xilinx, Inc.  All rights reserved.
--> Parameter TMPDIR set to xst/projnav.tmp


Total REAL time to Xst completion: 0.00 secs
Total CPU time to Xst completion: 0.07 secs
 
--> Parameter xsthdpdir set to xst


Total REAL time to Xst completion: 0.00 secs
Total CPU time to Xst completion: 0.07 secs
 
--> Reading design: ledcounter.prj

TABLE OF CONTENTS
  1) Synthesis Options Summary
  2) HDL Compilation
  3) Design Hierarchy Analysis
  4) HDL Analysis
  5) HDL Synthesis
     5.1) HDL Synthesis Report
  6) Advanced HDL Synthesis
     6.1) Advanced HDL Synthesis Report
  7) Low Level Synthesis
  8) Partition Report
  9) Final Report
	9.1) Device utilization summary
	9.2) Partition Resource Summary
	9.3) TIMING REPORT


=========================================================================
*                      Synthesis Options Summary                        *
=========================================================================
---- Source Parameters
Input File Name                    : "ledcounter.prj"
Input Format                       : mixed
Ignore Synthesis Constraint File   : NO

---- Target Parameters
Output File Name                   : "ledcounter"
Output Format                      : NGC
Target Device                      : xc3s400-4-pq208

---- Source Options
Top Module Name                    : ledcounter
Automatic FSM Extraction           : YES
FSM Encoding Algorithm             : Auto
Safe Implementation                : No
FSM Style                          : LUT
RAM Extraction                     : Yes
RAM Style                          : Auto
ROM Extraction                     : Yes
Mux Style                          : Auto
Decoder Extraction                 : YES
Priority Encoder Extraction        : Yes
Shift Register Extraction          : YES
Logical Shifter Extraction         : YES
XOR Collapsing                     : YES
ROM Style                          : Auto
Mux Extraction                     : Yes
Resource Sharing                   : YES
Asynchronous To Synchronous        : NO
Multiplier Style                   : Auto
Automatic Register Balancing       : No

---- Target Options
Add IO Buffers                     : YES
Global Maximum Fanout              : 500
Add Generic Clock Buffer(BUFG)     : 8
Register Duplication               : YES
Slice Packing                      : YES
Optimize Instantiated Primitives   : NO
Use Clock Enable                   : Yes
Use Synchronous Set                : Yes
Use Synchronous Reset              : Yes
Pack IO Registers into IOBs        : Auto
Equivalent register Removal        : YES

---- General Options
Optimization Goal                  : Speed
Optimization Effort                : 1
Keep Hierarchy                     : No
Netlist Hierarchy                  : As_Optimized
RTL Output                         : Yes
Global Optimization                : AllClockNets
Read Cores                         : YES
Write Timing Constraints           : NO
Cross Clock Analysis               : NO
Hierarchy Separator                : /
Bus Delimiter                      : <>
Case Specifier                     : Maintain
Slice Utilization Ratio            : 100
BRAM Utilization Ratio             : 100
Verilog 2001                       : YES
Auto BRAM Packing                  : NO
Slice Utilization Ratio Delta      : 5

=========================================================================


=========================================================================
*                          HDL Compilation                              *
=========================================================================
Compiling vhdl file "D:/university/az manteghi/jalase6/led/ledcounter.vhd" in Library work.
Architecture behavioral of Entity ledcounter is up to date.

=========================================================================
*                     Design Hierarchy Analysis                         *
=========================================================================
Analyzing hierarchy for entity <ledcounter> in library <work> (architecture <behavioral>).


=========================================================================
*                            HDL Analysis                               *
=========================================================================
Analyzing Entity <ledcounter> in library <work> (Architecture <behavioral>).
Entity <ledcounter> analyzed. Unit <ledcounter> generated.


=========================================================================
*                           HDL Synthesis                               *
=========================================================================

Performing bidirectional port resolution...

Synthesizing Unit <ledcounter>.
    Related source file is "D:/university/az manteghi/jalase6/led/ledcounter.vhd".
    Found 1-bit register for signal <led>.
    Found 26-bit up counter for signal <count>.
    Summary:
	inferred   1 Counter(s).
	inferred   1 D-type flip-flop(s).
Unit <ledcounter> synthesized.


=========================================================================
HDL Synthesis Report

Macro Statistics
# Counters                                             : 1
 26-bit up counter                                     : 1
# Registers                                            : 1
 1-bit register                                        : 1

=========================================================================

=========================================================================
*                       Advanced HDL Synthesis                          *
=========================================================================


=========================================================================
Advanced HDL Synthesis Report

Macro Statistics
# Counters                                             : 1
 26-bit up counter                                     : 1
# Registers                                            : 1
 Flip-Flops                                            : 1

=========================================================================

=========================================================================
*                         Low Level Synthesis                           *
=========================================================================

Optimizing unit <ledcounter> ...

Mapping all equations...
Building and optimizing final netlist ...
Found area constraint ratio of 100 (+ 5) on block ledcounter, actual ratio is 0.

Final Macro Processing ...

=========================================================================
Final Register Report

Macro Statistics
# Registers                                            : 27
 Flip-Flops                                            : 27

=========================================================================

=========================================================================
*                           Partition Report                            *
=========================================================================

Partition Implementation Status
-------------------------------

  No Partitions were found in this design.

-------------------------------

=========================================================================
*                            Final Report                               *
=========================================================================
Final Results
RTL Top Level Output File Name     : ledcounter.ngr
Top Level Output File Name         : ledcounter
Output Format                      : NGC
Optimization Goal                  : Speed
Keep Hierarchy                     : No

Design Statistics
# IOs                              : 2

Cell Usage :
# BELS                             : 94
#      GND                         : 1
#      INV                         : 2
#      LUT1                        : 25
#      LUT2                        : 1
#      LUT4                        : 6
#      MUXCY                       : 32
#      VCC                         : 1
#      XORCY                       : 26
# FlipFlops/Latches                : 27
#      FDR                         : 27
# Clock Buffers                    : 1
#      BUFGP                       : 1
# IO Buffers                       : 1
#      OBUF                        : 1
=========================================================================

Device utilization summary:
---------------------------

Selected Device : 3s400pq208-4 

 Number of Slices:                       19  out of   3584     0%  
 Number of Slice Flip Flops:             27  out of   7168     0%  
 Number of 4 input LUTs:                 34  out of   7168     0%  
 Number of IOs:                           2
 Number of bonded IOBs:                   2  out of    141     1%  
 Number of GCLKs:                         1  out of      8    12%  

---------------------------
Partition Resource Summary:
---------------------------

  No Partitions were found in this design.

---------------------------


=========================================================================
TIMING REPORT

NOTE: THESE TIMING NUMBERS ARE ONLY A SYNTHESIS ESTIMATE.
      FOR ACCURATE TIMING INFORMATION PLEASE REFER TO THE TRACE REPORT
      GENERATED AFTER PLACE-and-ROUTE.

Clock Information:
------------------
-----------------------------------+------------------------+-------+
Clock Signal                       | Clock buffer(FF name)  | Load  |
-----------------------------------+------------------------+-------+
clk                                | BUFGP                  | 27    |
-----------------------------------+------------------------+-------+

Asynchronous Control Signals Information:
----------------------------------------
No asynchronous control signals found in this design

Timing Summary:
---------------
Speed Grade: -4

   Minimum period: 7.790ns (Maximum Frequency: 128.362MHz)
   Minimum input arrival time before clock: No path found
   Maximum output required time after clock: 7.165ns
   Maximum combinational path delay: No path found

Timing Detail:
--------------
All values displayed in nanoseconds (ns)

=========================================================================
Timing constraint: Default period analysis for Clock 'clk'
  Clock period: 7.790ns (frequency: 128.362MHz)
  Total number of paths / destination ports: 1053 / 53
-------------------------------------------------------------------------
Delay:               7.790ns (Levels of Logic = 9)
  Source:            count_5 (FF)
  Destination:       led (FF)
  Source Clock:      clk rising
  Destination Clock: clk rising

  Data Path: count_5 to led
                                Gate     Net
    Cell:in->out      fanout   Delay   Delay  Logical Name (Net Name)
    ----------------------------------------  ------------
     FDR:C->Q              2   0.720   1.216  count_5 (count_5)
     LUT2:I0->O            1   0.551   0.000  count_cmp_eq0000_wg_lut<0> (count_cmp_eq0000_wg_lut<0>)
     MUXCY:S->O            1   0.500   0.000  count_cmp_eq0000_wg_cy<0> (count_cmp_eq0000_wg_cy<0>)
     MUXCY:CI->O           1   0.064   0.000  count_cmp_eq0000_wg_cy<1> (count_cmp_eq0000_wg_cy<1>)
     MUXCY:CI->O           1   0.064   0.000  count_cmp_eq0000_wg_cy<2> (count_cmp_eq0000_wg_cy<2>)
     MUXCY:CI->O           1   0.064   0.000  count_cmp_eq0000_wg_cy<3> (count_cmp_eq0000_wg_cy<3>)
     MUXCY:CI->O           1   0.064   0.000  count_cmp_eq0000_wg_cy<4> (count_cmp_eq0000_wg_cy<4>)
     MUXCY:CI->O           1   0.064   0.000  count_cmp_eq0000_wg_cy<5> (count_cmp_eq0000_wg_cy<5>)
     MUXCY:CI->O          27   0.281   1.824  count_cmp_eq0000_wg_cy<6> (count_cmp_eq0000)
     INV:I->O              1   0.551   0.801  led_not00011_INV_0 (led_not0001)
     FDR:R                     1.026          led
    ----------------------------------------
    Total                      7.790ns (3.949ns logic, 3.841ns route)
                                       (50.7% logic, 49.3% route)

=========================================================================
Timing constraint: Default OFFSET OUT AFTER for Clock 'clk'
  Total number of paths / destination ports: 1 / 1
-------------------------------------------------------------------------
Offset:              7.165ns (Levels of Logic = 1)
  Source:            led (FF)
  Destination:       led (PAD)
  Source Clock:      clk rising

  Data Path: led to led
                                Gate     Net
    Cell:in->out      fanout   Delay   Delay  Logical Name (Net Name)
    ----------------------------------------  ------------
     FDR:C->Q              1   0.720   0.801  led (led_OBUF)
     OBUF:I->O                 5.644          led_OBUF (led)
    ----------------------------------------
    Total                      7.165ns (6.364ns logic, 0.801ns route)
                                       (88.8% logic, 11.2% route)

=========================================================================


Total REAL time to Xst completion: 5.00 secs
Total CPU time to Xst completion: 5.38 secs
 
--> 

Total memory usage is 4498888 kilobytes

Number of errors   :    0 (   0 filtered)
Number of warnings :    0 (   0 filtered)
Number of infos    :    0 (   0 filtered)

