Running: D:\Xilinx\14.7\ISE_DS\ISE\bin\nt64\unwrapped\fuse.exe -intstyle ise -incremental -lib secureip -o D:/university/az manteghi/jalase10/read_write_on_file/tb_isim_beh.exe -prj D:/university/az manteghi/jalase10/read_write_on_file/tb_beh.prj work.tb 
ISim P.20131013 (signature 0x7708f090)
Number of CPUs detected in this system: 8
Turning on mult-threading, number of parallel sub-compilation jobs: 16 
Determining compilation order of HDL files
Parsing VHDL file "D:/university/az manteghi/jalase10/read_write_on_file/RAM.vhd" into library work
Parsing VHDL file "D:/university/az manteghi/jalase10/read_write_on_file/RAM_example.vhd" into library work
Parsing VHDL file "D:/university/az manteghi/jalase10/read_write_on_file/tb_1.vhd" into library work
Starting static elaboration
Completed static elaboration
Compiling package standard
Compiling package textio
Compiling package std_logic_1164
Compiling package numeric_std
Compiling architecture behavioral of entity RAM [\RAM(10,8)\]
Compiling architecture behavioral of entity RAM_example [\RAM_example(10,8)\]
Compiling architecture behavior of entity tb
Time Resolution for simulation is 1ps.
Waiting for 1 sub-compilation(s) to finish...
Compiled 9 VHDL Units
Built simulation executable D:/university/az manteghi/jalase10/read_write_on_file/tb_isim_beh.exe
Fuse Memory Usage: 37856 KB
Fuse CPU Usage: 500 ms
